0 verbose cli /usr/local/bin/node /usr/local/bin/npm
1 info using npm@11.8.0
2 info using node@v24.13.1
3 silly config load:file:/usr/local/lib/node_modules/npm/npmrc
4 silly config load:file:/Users/s.bahij/Documents/ELDAR SaaS/.npmrc
5 silly config load:file:/Users/s.bahij/.npmrc
6 silly config load:file:/usr/local/etc/npmrc
7 verbose title npm audit
8 verbose argv "audit" "--omit" "dev" "--json"
9 verbose logfile logs-max:10 dir:/Users/s.bahij/Documents/ELDAR SaaS/.npm-cache/_logs/2026-02-24T08_58_04_796Z-
10 verbose logfile /Users/s.bahij/Documents/ELDAR SaaS/.npm-cache/_logs/2026-02-24T08_58_04_796Z-debug-0.log
11 silly logfile start cleaning logs, removing 1 files
12 silly packumentCache heap:2348810240 maxSize:587202560 maxEntrySize:293601280
13 silly logfile done cleaning log files
14 silly audit bulk request {
14 silly audit   '@clerk/backend': [ '2.32.0' ],
14 silly audit   '@clerk/clerk-react': [ '5.61.1' ],
14 silly audit   '@clerk/nextjs': [ '6.38.1' ],
14 silly audit   '@clerk/shared': [ '3.47.0' ],
14 silly audit   csstype: [ '3.1.3' ],
14 silly audit   '@clerk/types': [ '4.101.18' ],
14 silly audit   '@emnapi/runtime': [ '1.8.1' ],
14 silly audit   '@img/colour': [ '1.0.0' ],
14 silly audit   '@img/sharp-darwin-arm64': [ '0.34.5' ],
14 silly audit   '@img/sharp-darwin-x64': [ '0.34.5' ],
14 silly audit   '@img/sharp-libvips-darwin-arm64': [ '1.2.4' ],
14 silly audit   '@img/sharp-libvips-darwin-x64': [ '1.2.4' ],
14 silly audit   '@img/sharp-libvips-linux-arm': [ '1.2.4' ],
14 silly audit   '@img/sharp-libvips-linux-arm64': [ '1.2.4' ],
14 silly audit   '@img/sharp-libvips-linux-ppc64': [ '1.2.4' ],
14 silly audit   '@img/sharp-libvips-linux-riscv64': [ '1.2.4' ],
14 silly audit   '@img/sharp-libvips-linux-s390x': [ '1.2.4' ],
14 silly audit   '@img/sharp-libvips-linux-x64': [ '1.2.4' ],
14 silly audit   '@img/sharp-libvips-linuxmusl-arm64': [ '1.2.4' ],
14 silly audit   '@img/sharp-libvips-linuxmusl-x64': [ '1.2.4' ],
14 silly audit   '@img/sharp-linux-arm': [ '0.34.5' ],
14 silly audit   '@img/sharp-linux-arm64': [ '0.34.5' ],
14 silly audit   '@img/sharp-linux-ppc64': [ '0.34.5' ],
14 silly audit   '@img/sharp-linux-riscv64': [ '0.34.5' ],
14 silly audit   '@img/sharp-linux-s390x': [ '0.34.5' ],
14 silly audit   '@img/sharp-linux-x64': [ '0.34.5' ],
14 silly audit   '@img/sharp-linuxmusl-arm64': [ '0.34.5' ],
14 silly audit   '@img/sharp-linuxmusl-x64': [ '0.34.5' ],
14 silly audit   '@img/sharp-wasm32': [ '0.34.5' ],
14 silly audit   '@img/sharp-win32-arm64': [ '0.34.5' ],
14 silly audit   '@img/sharp-win32-ia32': [ '0.34.5' ],
14 silly audit   '@img/sharp-win32-x64': [ '0.34.5' ],
14 silly audit   '@kurkle/color': [ '0.3.4' ],
14 silly audit   '@neondatabase/serverless': [ '0.9.5' ],
14 silly audit   '@next/env': [ '15.5.10' ],
14 silly audit   '@next/swc-darwin-arm64': [ '15.5.7' ],
14 silly audit   '@next/swc-darwin-x64': [ '15.5.7' ],
14 silly audit   '@next/swc-linux-arm64-gnu': [ '15.5.7' ],
14 silly audit   '@next/swc-linux-arm64-musl': [ '15.5.7' ],
14 silly audit   '@next/swc-linux-x64-gnu': [ '15.5.7' ],
14 silly audit   '@next/swc-linux-x64-musl': [ '15.5.7' ],
14 silly audit   '@next/swc-win32-arm64-msvc': [ '15.5.7' ],
14 silly audit   '@next/swc-win32-x64-msvc': [ '15.5.7' ],
14 silly audit   '@stablelib/base64': [ '1.0.1' ],
14 silly audit   '@studio-freight/lenis': [ '1.0.42' ],
14 silly audit   '@swc/helpers': [ '0.5.15' ],
14 silly audit   '@types/node': [ '20.19.33' ],
14 silly audit   '@types/pg': [ '8.11.6' ],
14 silly audit   '@vercel/postgres': [ '0.10.0' ],
14 silly audit   bufferutil: [ '4.1.0' ],
14 silly audit   'caniuse-lite': [ '1.0.30001770' ],
14 silly audit   'chart.js': [ '4.5.1' ],
14 silly audit   'client-only': [ '0.0.1' ],
14 silly audit   clsx: [ '2.1.1' ],
14 silly audit   dequal: [ '2.0.3' ],
14 silly audit   'detect-libc': [ '2.1.2' ],
14 silly audit   semver: [ '7.7.4' ],
14 silly audit   'fast-sha256': [ '1.3.0' ],
14 silly audit   'glob-to-regexp': [ '0.4.1' ],
14 silly audit   'js-cookie': [ '3.0.5' ],
14 silly audit   'js-tokens': [ '4.0.0' ],
14 silly audit   'loose-envify': [ '1.4.0' ],
14 silly audit   'lucide-react': [ '0.462.0' ],
14 silly audit   nanoid: [ '3.3.11' ],
14 silly audit   next: [ '15.5.10' ],
14 silly audit   postcss: [ '8.4.31' ],
14 silly audit   'node-gyp-build': [ '4.8.4' ],
14 silly audit   obuf: [ '1.1.2' ],
14 silly audit   'pg-int8': [ '1.0.1' ],
14 silly audit   'pg-numeric': [ '1.0.2' ],
14 silly audit   'pg-protocol': [ '1.11.0' ],
14 silly audit   'pg-types': [ '4.1.0' ],
14 silly audit   picocolors: [ '1.1.1' ],
14 silly audit   'postgres-array': [ '3.0.4' ],
14 silly audit   'postgres-bytea': [ '3.0.0' ],
14 silly audit   'postgres-date': [ '2.1.0' ],
14 silly audit   'postgres-interval': [ '3.0.0' ],
14 silly audit   'postgres-range': [ '1.1.4' ],
14 silly audit   react: [ '18.3.1' ],
14 silly audit   'react-chartjs-2': [ '5.3.1' ],
14 silly audit   'react-dom': [ '18.3.1' ],
14 silly audit   scheduler: [ '0.23.2' ],
14 silly audit   'server-only': [ '0.0.1' ],
14 silly audit   sharp: [ '0.34.5' ],
14 silly audit   'source-map-js': [ '1.2.1' ],
14 silly audit   standardwebhooks: [ '1.0.0' ],
14 silly audit   'std-env': [ '3.10.0' ],
14 silly audit   'styled-jsx': [ '5.1.6' ],
14 silly audit   swr: [ '2.3.4' ],
14 silly audit   tslib: [ '2.8.1' ],
14 silly audit   'undici-types': [ '6.21.0' ],
14 silly audit   'use-sync-external-store': [ '1.6.0' ],
14 silly audit   ws: [ '8.19.0' ],
14 silly audit   zod: [ '3.25.76' ]
14 silly audit }
15 http fetch POST 200 https://registry.npmjs.org/-/npm/v1/security/advisories/bulk 282ms
16 silly audit report {}
17 verbose cwd /Users/s.bahij/Documents/ELDAR SaaS
18 verbose os Darwin 24.3.0
19 verbose node v24.13.1
20 verbose npm  v11.8.0
21 verbose exit 0
22 info ok
